<?xml version="1.0" encoding="UTF-8"?>
<!-- Generated by org.testng.reporters.JUnitReportReporter -->
<testsuite hostname="HIBAML50667" failures="0" tests="4" name="com.facebook.login.classTwo" time="0.014" errors="0" timestamp="13 Mar 2018 09:38:41 GMT">
  <testcase classname="com.facebook.login.classTwo" name="two" time="0.004"/>
  <testcase classname="com.facebook.login.classTwo" name="two" time="0.002"/>
  <testcase classname="com.facebook.login.classTwo" name="one" time="0.006"/>
  <testcase classname="com.facebook.login.classTwo" name="one" time="0.002"/>
</testsuite> <!-- com.facebook.login.classTwo -->
