<?xml version="1.0" encoding="UTF-8"?>
<!-- Generated by org.testng.reporters.JUnitReportReporter -->
<testsuite hostname="HIBAML50667" failures="0" tests="1" name="com.facebook.login.loginTest" time="16.397" errors="0" timestamp="13 Mar 2018 09:30:48 GMT">
  <testcase classname="com.facebook.login.loginTest" name="login" time="16.397"/>
</testsuite> <!-- com.facebook.login.loginTest -->
