<?xml version="1.0" encoding="UTF-8"?>
<!-- Generated by org.testng.reporters.JUnitReportReporter -->
<testsuite hostname="HIBAML50667" failures="0" tests="2" name="com.facebook.login.classOne" time="0.017" errors="0" timestamp="13 Mar 2018 09:38:41 GMT">
  <testcase classname="com.facebook.login.classOne" name="two" time="0.004"/>
  <testcase classname="com.facebook.login.classOne" name="one" time="0.013"/>
</testsuite> <!-- com.facebook.login.classOne -->
