<?xml version="1.0" encoding="UTF-8"?>
<!-- Generated by org.testng.reporters.JUnitReportReporter -->
<testsuite hostname="HIBAML50667" failures="0" tests="2" name="com.first.example.demoTwo" time="0.016" errors="0" timestamp="13 Mar 2018 08:43:26 GMT">
  <testcase classname="com.first.example.demoTwo" name="firstTestCase" time="0.000"/>
  <testcase classname="com.first.example.demoTwo" name="secondTestCase" time="0.016"/>
</testsuite> <!-- com.first.example.demoTwo -->
