<?xml version="1.0" encoding="UTF-8"?>
<!-- Generated by org.testng.reporters.JUnitReportReporter -->
<testsuite hostname="HIBAML50667" failures="0" tests="1" name="CodeRedundencyTest" time="0.004" errors="0" timestamp="13 Mar 2018 09:08:29 GMT">
  <testcase classname="CodeRedundencyTest" name="f2" time="0.004"/>
</testsuite> <!-- CodeRedundencyTest -->
