<?xml version="1.0" encoding="UTF-8"?>
<!-- Generated by org.testng.reporters.JUnitReportReporter -->
<testsuite hostname="HIBAML50667" failures="0" tests="4" name="com.first.example.demoOne" time="0.047" errors="0" timestamp="13 Mar 2018 08:43:26 GMT">
  <testcase classname="com.first.example.demoOne" name="secondTestCase" time="0.000"/>
  <testcase classname="com.first.example.demoOne" name="firstTestCase" time="0.032"/>
  <testcase classname="com.first.example.demoOne" name="secondTestCase" time="0.015"/>
  <testcase classname="com.first.example.demoOne" name="firstTestCase" time="0.000"/>
</testsuite> <!-- com.first.example.demoOne -->
