<?xml version="1.0" encoding="UTF-8"?>
<!-- Generated by org.testng.reporters.JUnitReportReporter -->
<testsuite hostname="HIBAML50667" failures="0" tests="1" name="Testcases.SignUpPageTestCases" time="3.368" errors="0" timestamp="14 Mar 2018 10:05:08 GMT">
  <testcase classname="Testcases.SignUpPageTestCases" name="VerifyValidSignUp" time="3.368"/>
</testsuite> <!-- Testcases.SignUpPageTestCases -->
